make all --print-data-base --no-builtin-variables --no-builtin-rules --question
# GNU Make 4.3
# Built for x86_64-pc-linux-gnu
# Copyright (C) 1988-2020 Free Software Foundation, Inc.
# License GPLv3+: GNU GPL version 3 or later <http://gnu.org/licenses/gpl.html>
# This is free software: you are free to change and redistribute it.
# There is NO WARRANTY, to the extent permitted by law.
 

# Make data base, printed on Thu Jul 21 01:15:31 2022

# Variables

# environment
GDK_BACKEND = x11
# environment
LC_ALL = C
# environment
GNOME_SHELL_SESSION_MODE = ubuntu
# environment
SSH_AGENT_LAUNCHER = gnome-keyring
# makefile (from '../../../TivaWare/makedefs', line 116)
AR = ${PREFIX}-ar
# environment
GJS_DEBUG_OUTPUT = stderr
# environment
MANDATORY_PATH = /usr/share/gconf/ubuntu.mandatory.path
# environment
LC_NAME = pt_BR.UTF-8
# environment
LC_NUMERIC = pt_BR.UTF-8
# environment
VSCODE_CWD = /home/calper
# environment
WINDOWPATH = 2
# environment
LC_ADDRESS = pt_BR.UTF-8
# makefile (from 'Makefile', line 53)
IPATH = ./include ./portable/GCC/ARM_CM4F .
# default
MAKE_COMMAND := make
# environment
QT_ACCESSIBILITY = 1
# automatic
@D = $(patsubst %/,%,$(dir $@))
# environment
VSCODE_HANDLES_UNCAUGHT_ERRORS = true
# default
.VARIABLES := 
# environment
PWD = /home/calper/Projetos/TM4C1294NCPDT/FreeRTOS/FreeRTOS/Source
# automatic
%D = $(patsubst %/,%,$(dir $%))
# environment
XDG_DATA_DIRS = /usr/share/ubuntu:/usr/share/gnome:/usr/local/share/:/usr/share/:/var/lib/snapd/desktop
# automatic
^D = $(patsubst %/,%,$(dir $^))
# automatic
%F = $(notdir $%)
# environment
VSCODE_CODE_CACHE_PATH = /home/calper/.config/Code/CachedData/b06ae3b2d2dbfe28bca3134cc6be65935cdfea6a
# environment
LANG = C
# environment
XAUTHORITY = /run/user/1000/gdm/Xauthority
# default
.LOADED := 
# default
.INCLUDE_DIRS = /usr/local/include /usr/include /usr/include
# makefile
MAKEFLAGS = pqrR
# makefile
CURDIR := /home/calper/Projetos/TM4C1294NCPDT/FreeRTOS/FreeRTOS/Source
# makefile (from '../../../TivaWare/makedefs', line 141)
LIBM := /home/calper/gcc-arm-11.2-2022.02-x86_64-arm-none-eabi/bin/../lib/gcc/arm-none-eabi/11.2.1/../../../../arm-none-eabi/lib/thumb/v7e-m+fp/hard/libm.a
# makefile (from '../../../TivaWare/makedefs', line 136)
LIBC := /home/calper/gcc-arm-11.2-2022.02-x86_64-arm-none-eabi/bin/../lib/gcc/arm-none-eabi/11.2.1/../../../../arm-none-eabi/lib/thumb/v7e-m+fp/hard/libc.a
# environment
APPLICATION_INSIGHTS_NO_DIAGNOSTIC_CHANNEL = 1
# environment
LESSOPEN = | /usr/bin/lesspipe %s
# automatic
*D = $(patsubst %/,%,$(dir $*))
# environment
MFLAGS = -pqrR
# environment
SSH_AUTH_SOCK = /run/user/1000/keyring/ssh
# default
.SHELLFLAGS := -c
# environment
XDG_CONFIG_DIRS = /etc/xdg/xdg-ubuntu:/etc/xdg
# automatic
+D = $(patsubst %/,%,$(dir $+))
# environment
XDG_SESSION_DESKTOP = ubuntu
# makefile (from '../../../TivaWare/makedefs', line 1)
MAKEFILE_LIST := Makefile ../../../TivaWare/makedefs
# automatic
@F = $(notdir $@)
# environment
VSCODE_PID = 4659
# environment
XDG_SESSION_TYPE = x11
# automatic
?D = $(patsubst %/,%,$(dir $?))
# environment
SESSION_MANAGER = local/calper-Dell-G15-5511:@/tmp/.ICE-unix/2462,unix/calper-Dell-G15-5511:/tmp/.ICE-unix/2462
# automatic
*F = $(notdir $*)
# environment
CHROME_DESKTOP = code-url-handler.desktop
# environment
DBUS_SESSION_BUS_ADDRESS = unix:path=/run/user/1000/bus
# automatic
<D = $(patsubst %/,%,$(dir $<))
# environment
VSCODE_NLS_CONFIG = {"locale":"en-us","availableLanguages":{},"_languagePackSupport":true}
# default
MAKE_HOST := x86_64-pc-linux-gnu
# makefile (from '../../../TivaWare/makedefs', line 55)
COMPILER = gcc
# environment
GNOME_DESKTOP_SESSION_ID = this-is-deprecated
# makefile
SHELL = /bin/sh
# default
MAKECMDGOALS := all
# environment
XMODIFIERS = @im=ibus
# environment
GJS_DEBUG_TOPICS = JS ERROR;JS LOG
# environment
SHLVL = 0
# environment
MAKELEVEL := 0
# default
MAKE = $(MAKE_COMMAND)
# environment
PATH = /home/calper/.local/bin:/home/calper/gcc-arm-11.2-2022.02-x86_64-arm-none-eabi/bin:/home/calper/.cargo/bin:/home/calper/.local/bin:/usr/local/sbin:/usr/local/bin:/usr/sbin:/usr/bin:/sbin:/bin:/usr/games:/usr/local/games:/snap/bin:/snap/bin
# default
MAKEFILES := 
# environment
LANGUAGE = en_US:en
# environment
LC_MONETARY = pt_BR.UTF-8
# automatic
^F = $(notdir $^)
# makefile (from '../../../TivaWare/makedefs', line 88)
FPU = -mfpu=fpv4-sp-d16 -mfloat-abi=hard
# environment
LC_TIME = pt_BR.UTF-8
# makefile (from '../../../TivaWare/makedefs', line 47)
os := Linux
# makefile (from 'Makefile', line 43)
ROOT = ../../../TivaWare
# makefile (from '../../../TivaWare/makedefs', line 167)
AFLAGS = -mthumb ${CPU} ${FPU} -MD ${patsubst %,-I%,${subst :, ,${IPATH}}}
# makefile (from '../../../TivaWare/makedefs', line 69)
PREFIX := arm-none-eabi
# environment
INVOCATION_ID = d1240190c95b40d7b094b400f400556d
# makefile (from '../../../TivaWare/makedefs', line 131)
LIBGCC := /home/calper/gcc-arm-11.2-2022.02-x86_64-arm-none-eabi/bin/../lib/gcc/arm-none-eabi/11.2.1/thumb/v7e-m+fp/hard/libgcc.a
# environment
USERNAME = calper
# makefile (from '../../../TivaWare/makedefs', line 87)
CPU = -mcpu=cortex-m4
# environment
LC_TELEPHONE = pt_BR.UTF-8
# environment
LESSCLOSE = /usr/bin/lesspipe %s %s
# makefile (from '../../../TivaWare/makedefs', line 82)
ARMGCC_ROOT := /home/calper/gcc-arm-11.2-2022.02-x86_64-arm-none-eabi/bin/..
# automatic
?F = $(notdir $?)
# environment
XDG_CURRENT_DESKTOP = Unity
# environment
LS_COLORS = 
# automatic
+F = $(notdir $+)
# environment
DESKTOP_SESSION = ubuntu
# environment
ORIGINAL_XDG_CURRENT_DESKTOP = ubuntu:GNOME
# 'override' directive
GNUMAKEFLAGS := 
# environment
LOGNAME = calper
# environment
GIO_LAUNCHED_DESKTOP_FILE = /usr/share/applications/code.desktop
# makefile
.DEFAULT_GOAL := all
# environment
SYSTEMD_EXEC_PID = 2490
# environment
DISPLAY = :1
# environment
USER = calper
# environment
GTK_MODULES = gail:atk-bridge
# environment
DEFAULTS_PATH = /usr/share/gconf/ubuntu.default.path
# default
MAKE_VERSION := 4.3
# 'override' directive
.SHELLSTATUS := 0
# environment
ARM_COMPILER = /home/calper/gcc-arm-11.2-2022.02-x86_64-arm-none-eabi/bin
# makefile (from '../../../TivaWare/makedefs', line 126)
LDFLAGS = --gc-sections
# environment
MANAGERPID = 1927
# environment
LC_MEASUREMENT = pt_BR.UTF-8
# environment
GIO_LAUNCHED_DESKTOP_FILE_PID = 4659
# environment
_ = /usr/share/code/code
# environment
LC_PAPER = pt_BR.UTF-8
# environment
XDG_RUNTIME_DIR = /run/user/1000
# makefile (from '../../../TivaWare/makedefs', line 168)
CFLAGS = -mthumb ${CPU} ${FPU} -ffunction-sections -fdata-sections -MD -std=c99 -Wall -pedantic -DPART_${PART} -c -Os ${CFLAGSgcc} ${patsubst %,-I%,${subst :, ,${IPATH}}}
# environment
GPG_AGENT_INFO = /run/user/1000/gnupg/S.gpg-agent:0:1
# environment
LC_CTYPE = pt_BR.UTF-8
# environment
JOURNAL_STREAM = 8:21248
# environment
XDG_SESSION_CLASS = user
# environment
VSCODE_AMD_ENTRYPOINT = vs/workbench/api/node/extensionHostProcess
# environment
HOME = /home/calper
# environment
QT_IM_MODULE = ibus
# environment
ELECTRON_RUN_AS_NODE = 1
# environment
VSCODE_IPC_HOOK = /run/user/1000/vscode-072ac5d1-1.69.1-main.sock
# environment
PAPERSIZE = a4
# default
.RECIPEPREFIX := 
# automatic
<F = $(notdir $<)
# default
SUFFIXES := 
# makefile (from '../../../TivaWare/makedefs', line 121)
 
LD = ${PREFIX}-ld
# default
.FEATURES := target-specific order-only second-expansion else-if shortest-stem undefine oneshell nocomment grouped-target extra-prereqs archives jobserver output-sync check-symlink load
# makefile (from '../../../TivaWare/makedefs', line 75)
CC = ${PREFIX}-gcc
# makefile (from '../../../TivaWare/makedefs', line 146)
OBJCOPY = ${PREFIX}-objcopy
# environment
XDG_MENU_PREFIX = gnome-
# environment
GDMSESSION = ubuntu
# environment
LC_IDENTIFICATION = pt_BR.UTF-8
# variable set hash-table stats:
# Load=126/1024=12%, Rehash=0, Collisions=10/250=4%

# Pattern-specific Variable Values

# No pattern-specific variable values.

# Directories

# gcc: could not be stat'd.
# . (device 66310, inode 2495249): 16 files, no impossibilities.

# 16 files, no impossibilities in 2 directories.

# Implicit Rules

gcc/%.o: %.c
#  recipe to execute (from '../../../TivaWare/makedefs', line 174):
	@if [ 'x${VERBOSE}' = x ];                            \
	 then                                                 \
	     echo "  CC    ${<}";                             \
	 else                                                 \
	     echo ${CC} ${CFLAGS} -D${COMPILER} -o ${@} ${<}; \
	 fi
	@${CC} ${CFLAGS} -D${COMPILER} -o ${@} ${<}

gcc/%.o: %.S
#  recipe to execute (from '../../../TivaWare/makedefs', line 192):
	@if [ 'x${VERBOSE}' = x ];                               \
	 then                                                    \
	     echo "  AS    ${<}";                                \
	 else                                                    \
	     echo ${CC} ${AFLAGS} -D${COMPILER} -o ${@} -c ${<}; \
	 fi
	@${CC} ${AFLAGS} -D${COMPILER} -o ${@} -c ${<}

gcc/%.a:
#  recipe to execute (from '../../../TivaWare/makedefs', line 210):
	@if [ 'x${VERBOSE}' = x ];     \
	 then                          \
	     echo "  AR    ${@}";      \
	 else                          \
	     echo ${AR} -cr ${@} ${^}; \
	 fi
	@${AR} -cr ${@} ${^}

gcc/%.axf:
#  recipe to execute (from '../../../TivaWare/makedefs', line 222):
	@if [ 'x${SCATTERgcc_${notdir ${@:.axf=}}}' = x ];                    \
	 then                                                                 \
	     ldname="${ROOT}/gcc/standalone.ld";                              \
	 else                                                                 \
	     ldname="${SCATTERgcc_${notdir ${@:.axf=}}}";                     \
	 fi;                                                                  \
	 if [ 'x${VERBOSE}' = x ];                                            \
	 then                                                                 \
	     echo "  LD    ${@} ${LNK_SCP}";                                  \
	 else                                                                 \
	     echo ${LD} -T $${ldname}                                         \
	          --entry ${ENTRY_${notdir ${@:.axf=}}}                       \
	          ${LDFLAGSgcc_${notdir ${@:.axf=}}}                          \
	          ${LDFLAGS} -o ${@} $(filter %.o %.a, ${^})                  \
	          '${LIBM}' '${LIBC}' '${LIBGCC}';                            \
	 fi;                                                                  \
	${LD} -T $${ldname}                                                   \
	      --entry ${ENTRY_${notdir ${@:.axf=}}}                           \
	      ${LDFLAGSgcc_${notdir ${@:.axf=}}}                              \
	      ${LDFLAGS} -o ${@} $(filter %.o %.a, ${^})                      \
	      '${LIBM}' '${LIBC}' '${LIBGCC}'
	@${OBJCOPY} -O binary ${@} ${@:.axf=.bin}

# 4 implicit rules, 0 (0.0%) terminal.
# Files

# Not a target:
Makefile:
#  Implicit rule search has been done.
#  Last modified 2022-07-21 00:54:36.548115566
#  File has been updated.
#  Successfully updated.

gcc/libFreeRTOSCore.a: gcc/croutine.o gcc/event_groups.o gcc/list.o gcc/queue.o gcc/stream_buffer.o gcc/tasks.o gcc/timers.o
#  Implicit rule search has not been done.
#  Modification time never checked.
#  File has not been updated.

clean:
#  Implicit rule search has not been done.
#  Modification time never checked.
#  File has not been updated.
#  recipe to execute (from 'Makefile', line 65):
	@rm -rf ${COMPILER} ${wildcard *~}

# Not a target:
gcc/list.o:
#  Implicit rule search has not been done.
#  Modification time never checked.
#  File has not been updated.

# Not a target:
../../../TivaWare/makedefs:
#  Implicit rule search has been done.
#  Last modified 2020-07-07 00:13:28
#  File has been updated.
#  Successfully updated.

# Not a target:
gcc/croutine.o:
#  Implicit rule search has not been done.
#  Modification time never checked.
#  File has not been updated.

# Not a target:
gcc/tasks.o:
#  Implicit rule search has not been done.
#  Modification time never checked.
#  File has not been updated.

# Not a target:
gcc/queue.o:
#  Implicit rule search has not been done.
#  Modification time never checked.
#  File has not been updated.

# Not a target:
.DEFAULT:
#  Implicit rule search has not been done.
#  Modification time never checked.
#  File has not been updated.

all: gcc gcc/libFreeRTOSCore.a
#  Command line target.
#  Implicit rule search has been done.
#  File does not exist.
#  File has been updated.
#  Needs to be updated (-q is set).
# variable set hash-table stats:
 
# Load=0/32=0%, Rehash=0, Collisions=0/4=0%

gcc:
#  Implicit rule search has not been done.
#  Implicit/static pattern stem: ''
#  File does not exist.
#  File has been updated.
#  Needs to be updated (-q is set).
# automatic
# @ := gcc
# automatic
# * := 
# automatic
# < := 
# automatic
# + := 
# automatic
# % := 
# automatic
# ^ := 
# automatic
# ? := 
# automatic
# | := 
# variable set hash-table stats:
# Load=8/32=25%, Rehash=0, Collisions=5/12=42%
#  recipe to execute (from 'Makefile', line 71):
	@mkdir -p ${COMPILER}

# Not a target:
gcc/stream_buffer.o:
#  Implicit rule search has not been done.
#  Modification time never checked.
#  File has not been updated.

# Not a target:
gcc/timers.o:
#  Implicit rule search has not been done.
#  Modification time never checked.
#  File has not been updated.

# Not a target:
gcc/event_groups.o:
#  Implicit rule search has not been done.
#  Modification time never checked.
#  File has not been updated.

# Not a target:
.SUFFIXES:
#  Implicit rule search has not been done.
#  Modification time never checked.
#  File has not been updated.

# Not a target:
__dummy__:
#  Implicit rule search has been done.
#  File does not exist.
#  File has been updated.
#  Failed to be updated.

# files hash-table stats:
# Load=16/1024=2%, Rehash=0, Collisions=1/48=2%
# VPATH Search Paths

# No 'vpath' search paths.

# No general ('VPATH' variable) search path.

# strcache buffers: 1 (0) / strings = 38 / storage = 409 B / avg = 10 B
# current buf: size = 8162 B / used = 409 B / count = 38 / avg = 10 B

# strcache performance: lookups = 68 / hit rate = 44%
# hash-table stats:
# Load=38/8192=0%, Rehash=0, Collisions=0/68=0%
# Finished Make data base on Thu Jul 21 01:15:31 2022

 
